mode: set
personal-project/app/middleware/oauth2.go:8.47,12.2 1 1
personal-project/app/lib/development_lib.go:25.103,27.37 2 1
personal-project/app/lib/development_lib.go:30.2,31.20 2 1
personal-project/app/lib/development_lib.go:40.2,40.16 1 1
personal-project/app/lib/development_lib.go:27.37,29.3 1 1
personal-project/app/lib/development_lib.go:31.20,32.26 1 1
personal-project/app/lib/development_lib.go:32.26,34.4 1 1
personal-project/app/lib/development_lib.go:35.8,38.3 2 1
personal-project/app/lib/development_lib.go:44.118,47.15 3 1
personal-project/app/lib/development_lib.go:51.2,51.16 1 1
personal-project/app/lib/development_lib.go:57.2,57.30 1 1
personal-project/app/lib/development_lib.go:47.15,49.3 1 1
personal-project/app/lib/development_lib.go:51.16,52.60 1 1
personal-project/app/lib/development_lib.go:52.60,54.4 1 1
personal-project/app/lib/development_lib.go:61.135,64.15 3 1
personal-project/app/lib/development_lib.go:68.2,68.16 1 1
personal-project/app/lib/development_lib.go:74.2,74.30 1 1
personal-project/app/lib/development_lib.go:64.15,66.3 1 1
personal-project/app/lib/development_lib.go:68.16,69.60 1 1
personal-project/app/lib/development_lib.go:69.60,71.4 1 1
personal-project/app/lib/development_lib.go:78.134,81.15 3 1
personal-project/app/lib/development_lib.go:85.2,85.16 1 1
personal-project/app/lib/development_lib.go:91.2,91.30 1 1
personal-project/app/lib/development_lib.go:81.15,83.3 1 1
personal-project/app/lib/development_lib.go:85.16,86.60 1 1
personal-project/app/lib/development_lib.go:86.60,88.4 1 1
personal-project/app/lib/development_lib.go:95.121,98.15 3 1
personal-project/app/lib/development_lib.go:102.2,102.16 1 1
personal-project/app/lib/development_lib.go:108.2,108.30 1 1
personal-project/app/lib/development_lib.go:98.15,100.3 1 1
personal-project/app/lib/development_lib.go:102.16,103.60 1 1
personal-project/app/lib/development_lib.go:103.60,105.4 1 1
personal-project/app/lib/generator.go:15.88,26.38 3 1
personal-project/app/lib/generator.go:32.2,32.30 1 1
personal-project/app/lib/generator.go:38.2,38.36 1 1
personal-project/app/lib/generator.go:43.2,44.39 2 1
personal-project/app/lib/generator.go:48.2,49.47 2 1
personal-project/app/lib/generator.go:52.2,52.23 1 1
personal-project/app/lib/generator.go:26.38,29.3 2 1
personal-project/app/lib/generator.go:32.30,35.3 2 1
personal-project/app/lib/generator.go:38.36,41.3 2 1
personal-project/app/lib/generator.go:44.39,47.3 2 1
personal-project/app/lib/generator.go:49.47,51.3 1 1
personal-project/app/lib/generator.go:56.59,58.16 2 1
personal-project/app/lib/generator.go:68.2,68.17 1 1
personal-project/app/lib/generator.go:58.16,60.17 2 1
personal-project/app/lib/generator.go:60.17,62.60 2 1
personal-project/app/lib/generator.go:62.60,64.5 1 1
personal-project/app/lib/generator.go:72.67,74.16 2 1
personal-project/app/lib/generator.go:85.2,85.17 1 1
personal-project/app/lib/generator.go:74.16,76.17 2 1
personal-project/app/lib/generator.go:76.17,78.35 2 1
personal-project/app/lib/generator.go:81.4,82.48 2 1
personal-project/app/lib/generator.go:78.35,80.5 1 1
personal-project/app/lib/generator.go:91.37,93.19 2 1
personal-project/app/lib/generator.go:96.2,96.18 1 1
personal-project/app/lib/generator.go:93.19,95.3 1 1
personal-project/app/lib/request.go:18.42,20.14 2 1
personal-project/app/lib/request.go:26.2,26.12 1 1
personal-project/app/lib/request.go:20.14,21.49 1 1
personal-project/app/lib/request.go:21.49,23.4 1 1
personal-project/app/lib/request.go:30.43,32.14 2 1
personal-project/app/lib/request.go:38.2,38.12 1 1
personal-project/app/lib/request.go:32.14,33.49 1 1
personal-project/app/lib/request.go:33.49,35.4 1 1
personal-project/app/lib/request.go:42.55,45.54 3 1
personal-project/app/lib/request.go:50.2,51.73 2 1
personal-project/app/lib/request.go:55.2,55.13 1 1
personal-project/app/lib/request.go:45.54,48.3 1 1
personal-project/app/lib/request.go:51.73,53.3 1 1
personal-project/app/lib/request.go:59.58,60.46 1 1
personal-project/app/lib/request.go:64.2,64.34 1 1
personal-project/app/lib/request.go:60.46,62.3 1 1
personal-project/app/lib/response.go:58.69,62.38 2 1
personal-project/app/lib/response.go:116.2,116.64 1 1
personal-project/app/lib/response.go:120.2,120.40 1 1
personal-project/app/lib/response.go:62.38,63.43 1 1
personal-project/app/lib/response.go:68.3,68.40 1 1
personal-project/app/lib/response.go:63.43,66.9 3 1
personal-project/app/lib/response.go:68.40,70.54 2 1
personal-project/app/lib/response.go:70.54,75.30 5 1
personal-project/app/lib/response.go:108.5,109.10 2 1
personal-project/app/lib/response.go:75.30,78.25 3 1
personal-project/app/lib/response.go:86.6,97.53 5 1
personal-project/app/lib/response.go:103.6,103.60 1 1
personal-project/app/lib/response.go:106.6,106.52 1 1
personal-project/app/lib/response.go:78.25,80.36 2 1
personal-project/app/lib/response.go:84.7,84.39 1 1
personal-project/app/lib/response.go:80.36,83.8 2 1
personal-project/app/lib/response.go:97.53,99.7 1 1
personal-project/app/lib/response.go:99.12,101.7 1 1
personal-project/app/lib/response.go:103.60,105.7 1 1
personal-project/app/lib/response.go:111.9,111.48 1 1
personal-project/app/lib/response.go:111.48,113.4 1 1
personal-project/app/lib/response.go:116.64,118.3 1 1
personal-project/app/lib/response.go:129.66,130.23 1 1
personal-project/app/lib/response.go:134.2,134.33 1 1
personal-project/app/lib/response.go:130.23,132.3 1 1
personal-project/app/lib/response.go:138.59,139.23 1 1
personal-project/app/lib/response.go:143.2,143.33 1 1
personal-project/app/lib/response.go:139.23,141.3 1 1
personal-project/app/lib/response.go:147.59,148.23 1 1
personal-project/app/lib/response.go:152.2,152.33 1 1
personal-project/app/lib/response.go:148.23,150.3 1 1
personal-project/app/lib/response.go:161.64,162.23 1 1
personal-project/app/lib/response.go:166.2,167.38 2 1
personal-project/app/lib/response.go:173.2,175.26 2 1
personal-project/app/lib/response.go:241.2,241.38 1 1
personal-project/app/lib/response.go:162.23,164.3 1 1
personal-project/app/lib/response.go:167.38,169.3 1 1
personal-project/app/lib/response.go:169.8,169.44 1 1
personal-project/app/lib/response.go:169.44,171.3 1 1
personal-project/app/lib/response.go:175.26,178.40 3 1
personal-project/app/lib/response.go:178.40,184.23 6 1
personal-project/app/lib/response.go:195.4,195.41 1 1
personal-project/app/lib/response.go:211.4,218.56 2 1
personal-project/app/lib/response.go:222.4,231.37 3 1
personal-project/app/lib/response.go:237.4,237.38 1 1
personal-project/app/lib/response.go:184.23,186.34 2 1
personal-project/app/lib/response.go:189.5,189.37 1 1
personal-project/app/lib/response.go:186.34,188.6 1 1
personal-project/app/lib/response.go:195.41,198.21 3 1
personal-project/app/lib/response.go:198.21,202.36 4 1
personal-project/app/lib/response.go:202.36,204.44 2 1
personal-project/app/lib/response.go:204.44,207.8 2 1
personal-project/app/lib/response.go:218.56,220.5 1 1
personal-project/app/lib/response.go:231.37,235.5 3 1
personal-project/app/lib/response.go:245.52,246.22 1 1
personal-project/app/lib/response.go:253.2,253.38 1 1
personal-project/app/lib/response.go:246.22,251.3 1 1
personal-project/app/lib/environment.go:14.60,20.2 5 1
personal-project/app/lib/environment.go:23.66,26.31 3 1
personal-project/app/lib/environment.go:26.31,28.3 1 1
personal-project/app/lib/environment.go:32.29,37.48 4 1
personal-project/app/lib/environment.go:37.48,39.31 2 1
personal-project/app/lib/environment.go:39.31,41.4 1 1
personal-project/app/lib/environment.go:46.69,50.31 3 1
personal-project/app/lib/environment.go:56.2,56.47 1 1
personal-project/app/lib/environment.go:62.2,63.63 2 1
personal-project/app/lib/environment.go:50.31,51.66 1 1
personal-project/app/lib/environment.go:51.66,53.4 1 1
personal-project/app/lib/environment.go:56.47,57.32 1 1
personal-project/app/lib/environment.go:57.32,59.4 1 1
personal-project/app/lib/environment.go:63.63,65.31 2 1
personal-project/app/lib/environment.go:65.31,66.77 1 1
personal-project/app/lib/environment.go:66.77,68.5 1 1
personal-project/app/lib/environment.go:74.67,76.34 1 1
personal-project/app/lib/environment.go:76.34,77.25 1 1
personal-project/app/lib/environment.go:77.25,79.4 1 1
personal-project/app/lib/environment.go:84.28,86.22 2 1
personal-project/app/lib/environment.go:86.22,88.24 2 1
personal-project/app/lib/environment.go:93.3,93.51 1 1
personal-project/app/lib/environment.go:88.24,89.49 1 1
personal-project/app/lib/environment.go:89.49,91.5 1 1
personal-project/app/lib/merger.go:6.52,8.14 2 1
personal-project/app/lib/merger.go:12.2,12.10 1 1
personal-project/app/lib/merger.go:8.14,10.3 1 1
personal-project/app/lib/password.go:6.67,7.20 1 1
personal-project/app/lib/password.go:10.2,13.16 4 1
personal-project/app/lib/password.go:17.2,17.16 1 1
personal-project/app/lib/password.go:7.20,9.3 1 1
personal-project/app/lib/password.go:13.16,15.3 1 1
personal-project/app/lib/password.go:21.63,24.2 2 1
personal-project/app/lib/pointer.go:6.38,8.2 1 1
personal-project/app/lib/pointer.go:11.25,13.2 1 1
personal-project/app/lib/pointer.go:16.31,18.2 1 1
personal-project/app/lib/pointer.go:21.28,23.2 1 1
personal-project/app/lib/pointer.go:26.31,28.2 1 1
personal-project/app/lib/pointer.go:31.37,33.2 1 1
personal-project/app/lib/time.go:8.40,9.18 1 1
personal-project/app/lib/time.go:12.2,12.34 1 1
personal-project/app/lib/time.go:9.18,11.3 1 1
personal-project/app/lib/time.go:16.27,19.2 2 1
personal-project/app/lib/time.go:22.52,33.22 6 1
personal-project/app/lib/time.go:52.2,52.15 1 1
personal-project/app/lib/time.go:33.22,37.3 1 1
personal-project/app/lib/time.go:37.8,37.35 1 1
personal-project/app/lib/time.go:37.35,41.3 1 1
personal-project/app/lib/time.go:41.8,41.31 1 1
personal-project/app/lib/time.go:41.31,45.3 1 1
personal-project/app/lib/time.go:45.8,45.31 1 1
personal-project/app/lib/time.go:45.31,49.3 1 1
personal-project/app/lib/time.go:49.8,49.28 1 1
personal-project/app/lib/time.go:49.28,51.3 1 1
personal-project/app/lib/time.go:56.76,57.18 1 1
personal-project/app/lib/time.go:60.2,63.25 4 1
personal-project/app/lib/time.go:57.18,59.3 1 1
personal-project/app/controller/gendre/gendre_get.go:19.39,24.52 4 1
personal-project/app/controller/gendre/gendre_get.go:29.2,35.4 2 1
personal-project/app/controller/gendre/gendre_get.go:24.52,28.3 1 1
personal-project/app/controller/gendre/gendre_get_id.go:22.40,28.52 4 1
personal-project/app/controller/gendre/gendre_get_id.go:33.2,40.4 3 1
personal-project/app/controller/gendre/gendre_get_id.go:28.52,32.3 1 1
personal-project/app/controller/gendre/gendre_post.go:22.37,27.52 3 1
personal-project/app/controller/gendre/gendre_post.go:32.2,34.46 2 1
personal-project/app/controller/gendre/gendre_post.go:39.2,42.42 3 1
personal-project/app/controller/gendre/gendre_post.go:27.52,31.3 1 1
personal-project/app/controller/gendre/gendre_post.go:34.46,38.3 1 1
personal-project/app/controller/gendre/gendre_put.go:24.36,30.52 3 1
personal-project/app/controller/gendre/gendre_put.go:35.2,38.46 3 1
personal-project/app/controller/gendre/gendre_put.go:45.2,54.4 5 1
personal-project/app/controller/gendre/gendre_put.go:30.52,34.3 1 1
personal-project/app/controller/gendre/gendre_put.go:38.46,43.3 2 1
personal-project/app/controller/gendre/gendre_delete.go:23.39,27.52 3 1
personal-project/app/controller/gendre/gendre_delete.go:32.2,40.4 5 1
personal-project/app/controller/gendre/gendre_delete.go:27.52,31.3 1 1
personal-project/app/controller/api_info_get.go:23.37,36.2 2 1
personal-project/app/controller/api_index_get.go:22.38,27.2 1 1
